[2024-09-10 11:17:56,469]23root-INFO-My data ingestion process starts
[2024-09-10 11:17:56,499]28root-INFO-Dataset read from pandas
[2024-09-10 11:17:56,560]34root-INFO-Data Ingestion is completed
[2024-09-10 11:17:56,561]23root-INFO-Data Transformation is initiated
[2024-09-10 11:17:56,590]34root-INFO-Numeric PipeLine has started
[2024-09-10 11:17:56,590]40root-INFO-Categoric Pipeline has started
[2024-09-10 11:17:56,590]49root-INFO-preprocessor has started
[2024-09-10 11:17:56,626]67root-INFO-Reading the train and test data done
[2024-09-10 11:17:56,628]68root-INFO-Train data of first 5 columns   carat      cut color clarity  table  price
0   1.30  Premium     H     SI2   58.0   5096
1   0.73     Fair     D     SI1   56.0   2539
2   0.72    Ideal     E     VS2   56.0   3304
3   0.71    Ideal     E     SI1   56.0   2404
4   1.59    Ideal     F     VS1   57.0  17366
[2024-09-10 11:17:56,634]69root-INFO-Test data of first 5 columns   carat      cut color clarity  table  price
0   2.03     Fair     G     SI2   59.0  14687
1   0.97    Ideal     H     SI2   55.0   3694
2   1.10    Ideal     H     SI2   55.0   4733
3   1.12  Premium     E     SI2   58.0   4277
4   0.32    Ideal     G     SI1   57.0    612
[2024-09-10 11:17:56,636]74root-INFO-Splitted the train and test_data
[2024-09-10 11:17:56,636]75root-INFO-preprocessing the Data
[2024-09-10 11:17:56,673]86root-INFO-Preprocessing Data is Saved
