[2024-09-10 10:58:23,664]23root-INFO-My data ingestion process starts
[2024-09-10 10:58:23,692]26root-INFO-Dataset read from pandas
[2024-09-10 10:58:23,834]32root-INFO-Data Ingestion is completed
[2024-09-10 10:58:23,835]23root-INFO-Data Transformation is initiated
[2024-09-10 10:58:23,870]34root-INFO-Numeric PipeLine has started
[2024-09-10 10:58:23,870]40root-INFO-Categoric Pipeline has started
[2024-09-10 10:58:23,870]49root-INFO-preprocessor has started
[2024-09-10 10:58:23,925]67root-INFO-Reading the train and test data done
[2024-09-10 10:58:23,929]68root-INFO-Train data of first 5 columns   Unnamed: 0  carat        cut color clarity  depth  table     x     y     z  price
0        7173   0.55  Very Good     G     VS1   59.4   62.0  5.32  5.36  3.17   1667
1        3651   1.00  Very Good     F     VS2   62.7   58.0  6.38  6.41  4.01   6319
2       12985   0.72      Ideal     F     VS1   61.8   56.0  5.72  5.77  3.55   3489
3        4774   1.01    Premium     D     VS2   62.2   61.0  6.43  6.37  3.98   7032
4       18963   0.77  Very Good     D     VS1    NaN   58.0  5.82  5.87  3.65   3643
[2024-09-10 10:58:23,936]69root-INFO-Test data of first 5 columns   Unnamed: 0  carat        cut color clarity  depth  table     x     y     z  price
0        1661   1.03  Very Good     G     VS1   61.3   56.1  6.50  6.52  3.99   7511
1       25556   1.28      Ideal     G    VVS2   61.2   54.0  7.03  7.06  4.31  10839
2        2840   0.30  Very Good     F     VS2   62.8   58.0  4.24  4.29  2.68    605
3       13872   1.51    Premium     J     VS2   60.7   60.0  7.43  7.36  4.49   7357
4       21926   2.16      Ideal     J     VS1   61.4   55.0  8.34  8.27  5.10  18462
[2024-09-10 10:58:23,937]74root-INFO-Splitted the train and test_data
[2024-09-10 10:58:23,938]75root-INFO-preprocessing the Data
[2024-09-10 10:58:23,977]96root-INFO-Error occured at complete_data_transformation
