[2024-09-10 10:59:22,477]23root-INFO-My data ingestion process starts
[2024-09-10 10:59:22,518]26root-INFO-Dataset read from pandas
[2024-09-10 10:59:22,669]32root-INFO-Data Ingestion is completed
[2024-09-10 10:59:22,670]23root-INFO-Data Transformation is initiated
[2024-09-10 10:59:22,708]34root-INFO-Numeric PipeLine has started
[2024-09-10 10:59:22,708]40root-INFO-Categoric Pipeline has started
[2024-09-10 10:59:22,708]49root-INFO-preprocessor has started
[2024-09-10 10:59:22,763]67root-INFO-Reading the train and test data done
[2024-09-10 10:59:22,767]68root-INFO-Train data of first 5 columns   Unnamed: 0  carat        cut color clarity  depth  table     x     y     z  price
0        7274   0.32  Very Good     G     SI2   63.0   56.0  4.32  4.35  2.73    421
1        3897   1.23    Premium     F     VS2   59.6   58.0  7.02  6.94  4.16   9016
2       17836   0.53  Very Good     F     VS2   61.9   58.0  5.17  5.20  3.21   1631
3       20475   0.40      Ideal     G     SI1   62.3   54.0  4.74  4.77  2.96    741
4        3620   0.32      Ideal     E     VS2   62.2   56.0  4.41  4.37  2.73    900
[2024-09-10 10:59:22,775]69root-INFO-Test data of first 5 columns   Unnamed: 0  carat        cut color clarity  depth  table     x     y     z  price
0       20454   0.41    Premium     E     SI1   60.2   60.0  4.82  4.78  2.89    969
1        9511   1.61  Very Good     E     SI2   63.0   59.9  7.42  7.45  4.68  10891
2       26035   1.02      Ideal     E     VS1   60.1   57.0  6.59  6.52  3.94   8244
3       25855   0.51      Ideal     G     VS1   61.9   56.0  5.11  5.14  3.17   1668
4       16799   0.33      Ideal     H     VS2   60.7   57.0  4.48  4.45  2.71    668
[2024-09-10 10:59:22,778]74root-INFO-Splitted the train and test_data
[2024-09-10 10:59:22,778]75root-INFO-preprocessing the Data
[2024-09-10 10:59:22,823]96root-INFO-Error occured at complete_data_transformation
