[2024-09-10 10:55:53,210]23root-INFO-My data ingestion process starts
[2024-09-10 10:55:53,243]26root-INFO-Dataset read from pandas
[2024-09-10 10:55:53,390]32root-INFO-Data Ingestion is completed
[2024-09-10 10:55:53,391]23root-INFO-Data Transformation is initiated
[2024-09-10 10:55:53,425]34root-INFO-Numeric PipeLine has started
[2024-09-10 10:55:53,426]40root-INFO-Categoric Pipeline has started
[2024-09-10 10:55:53,426]49root-INFO-preprocessor has started
[2024-09-10 10:55:53,479]67root-INFO-Reading the train and test data done
[2024-09-10 10:55:53,483]68root-INFO-Train data of first 5 columns   Unnamed: 0  carat      cut color clarity  depth  table     x     y     z  price
0       23011   1.11    Ideal     F     VS2   61.9   55.0  6.62  6.66  4.11   7823
1       19189   0.32    Ideal     H     VS1   63.0   57.0  4.39  4.37  2.76    720
2       18130   1.54  Premium     E     SI1   62.7   58.0  7.37  7.30  4.60  10314
3       15763   1.30  Premium     D     SI1   62.2   58.0  6.93  6.83  4.28   7426
4        3307   0.30     Good     G    VVS2   63.8   56.0  4.29  4.27  2.73    878
[2024-09-10 10:55:53,491]69root-INFO-Test data of first 5 columns   Unnamed: 0  carat      cut color clarity  depth  table     x     y     z  price
0        3385   0.41    Ideal     E    VVS1   60.7   57.0  4.85  4.80  2.93   1431
1        4192   1.51     Good     F     VS2   62.0   59.0  7.18  7.37  4.51  13819
2       16732   0.52    Ideal     D     VS1   60.9   56.0  5.21  5.17  3.16   1835
3       12911   0.62    Ideal     H     VS1   63.0   56.0  5.43  5.36  3.40   1808
4       17364   1.52  Premium     J    VVS2   58.3   62.0  7.61  7.49  4.40   8427
[2024-09-10 10:55:53,493]74root-INFO-Splitted the train and test_data
[2024-09-10 10:55:53,493]75root-INFO-preprocessing the Data
[2024-09-10 10:55:53,532]96root-INFO-Error occured at complete_data_transformation
