[2024-09-10 10:26:38,318]23root-INFO-My data ingestion process starts
[2024-09-10 10:26:38,347]26root-INFO-Dataset read from pandas
[2024-09-10 10:26:38,490]32root-INFO-Data Ingestion is completed
[2024-09-10 10:26:38,491]23root-INFO-Data Transformation is initiated
[2024-09-10 10:26:38,525]34root-INFO-Numeric PipeLine has started
[2024-09-10 10:26:38,526]40root-INFO-Categoric Pipeline has started
[2024-09-10 10:26:38,526]49root-INFO-preprocessor has started
[2024-09-10 10:26:38,526]56root-INFO-preprocessor has ended
[2024-09-10 10:26:38,578]66root-INFO-Reading the train and test data done
[2024-09-10 10:26:38,591]67root-INFO-Train data of first 5 columns   Unnamed: 0  carat        cut color clarity  depth  table     x     y     z  price
0       19905   0.96    Premium     I     SI2   62.7   58.0  6.24  6.20  3.90   3229
1       21810   0.52    Premium     F     SI1   59.5   59.0  5.31  5.24  3.14   1338
2       19685   1.51  Very Good     F     SI2   63.2   60.0  7.20  7.27  4.57   8462
3       14792   0.84       Good     F      I1   60.8   64.0  6.05  6.03  3.67   1749
4       14758   0.42      Ideal     F     SI1   62.0   57.0  4.81  4.83  2.99    773
[2024-09-10 10:26:38,596]68root-INFO-Test data of first 5 columns   Unnamed: 0  carat      cut color clarity  depth  table     x     y     z  price
0       11553   0.50  Premium     E     SI1   62.4   61.0  5.10  4.98  3.15   1348
1       22906   0.50     Good     E     SI2   63.2   61.0  5.02  5.05  3.18   1000
2        5932   0.23    Ideal     F    VVS2   62.3   56.0  3.95  4.01  2.48    530
3       11523   0.31    Ideal     G      IF   61.6   56.0  4.37  4.40  2.70    839
4       22772   0.42    Ideal     G     SI2   62.3   55.0  4.80  4.83  3.00    686
[2024-09-10 10:26:38,598]73root-INFO-Splitted the train and test_data
[2024-09-10 10:26:38,598]74root-INFO-preprocessing the Data
[2024-09-10 10:26:38,598]97root-INFO-Error occured at complete_data_transformation
