[2024-09-10 10:47:40,492]23root-INFO-My data ingestion process starts
[2024-09-10 10:47:40,519]26root-INFO-Dataset read from pandas
[2024-09-10 10:47:40,663]32root-INFO-Data Ingestion is completed
[2024-09-10 10:47:40,664]23root-INFO-Data Transformation is initiated
[2024-09-10 10:47:40,698]34root-INFO-Numeric PipeLine has started
[2024-09-10 10:47:40,698]40root-INFO-Categoric Pipeline has started
[2024-09-10 10:47:40,698]49root-INFO-preprocessor has started
[2024-09-10 10:47:40,753]67root-INFO-Reading the train and test data done
[2024-09-10 10:47:40,758]68root-INFO-Train data of first 5 columns   Unnamed: 0  carat        cut color clarity  depth  table     x     y     z  price
0         877   0.40  Very Good     G     SI2   62.9   57.0  4.68  4.70  2.95    630
1        4661   0.74  Very Good     G     VS1   59.8   58.0  5.85  5.89  3.51   2896
2        3085   1.21      Ideal     I     VS1   61.7   53.0  6.89  6.92  4.26   7111
3        5740   1.22      Ideal     H     VS2   60.4   57.0  6.95  6.98  4.21   7506
4       13162   0.85       Fair     J      I1   65.5   59.0  5.95  5.82  3.86   1334
[2024-09-10 10:47:40,765]69root-INFO-Test data of first 5 columns   Unnamed: 0  carat        cut color clarity  depth  table     x     y     z  price
0       11355   1.01       Good     G     SI1   58.4   61.0  6.51  6.61  3.83   5051
1       19066   0.41  Very Good     J     VS1   60.8   61.0  4.72  4.79  2.89    647
2       17041   0.34    Premium     F     VS2   62.9   58.0  4.46  4.44  2.80    880
3       17326   0.71    Premium     F     VS2   59.6   59.0  5.81  5.77  3.45   2686
4        7140   0.40      Ideal     H    VVS2   62.1   57.0  4.69  4.74  2.93    877
[2024-09-10 10:47:40,768]74root-INFO-Splitted the train and test_data
[2024-09-10 10:47:40,768]75root-INFO-preprocessing the Data
[2024-09-10 10:47:40,810]96root-INFO-Error occured at complete_data_transformation
