[2024-09-10 10:46:25,150]23root-INFO-My data ingestion process starts
[2024-09-10 10:46:25,178]26root-INFO-Dataset read from pandas
[2024-09-10 10:46:25,329]32root-INFO-Data Ingestion is completed
[2024-09-10 10:46:25,330]23root-INFO-Data Transformation is initiated
[2024-09-10 10:46:25,366]34root-INFO-Numeric PipeLine has started
[2024-09-10 10:46:25,366]40root-INFO-Categoric Pipeline has started
[2024-09-10 10:46:25,366]49root-INFO-preprocessor has started
[2024-09-10 10:46:25,418]67root-INFO-Reading the train and test data done
[2024-09-10 10:46:25,423]68root-INFO-Train data of first 5 columns   Unnamed: 0  carat        cut color clarity  depth  table     x     y     z  price
0       17251   2.03      Ideal     J     SI2   62.1   57.0  8.06  8.12  5.02  12716
1        2988   1.05      Ideal     D    VVS2   61.9   54.0  6.53  6.55  4.05  11196
2       17527   1.11      Ideal     F     VS2   61.7   55.0  6.65  6.67  4.11   7473
3       25182   1.13  Very Good     J     SI1   63.5   59.0  6.62  6.55  4.18   4385
4         506   1.01  Very Good     H     SI2   63.9   56.0  6.29  6.38  4.05   4023
[2024-09-10 10:46:25,431]69root-INFO-Test data of first 5 columns   Unnamed: 0  carat        cut color clarity  depth  table     x     y     z  price
0       23450   0.73       Good     F    VVS2   59.5   61.0  5.80  5.83  3.46   3616
1        6560   0.32      Ideal     E     VS1   62.3   54.0  4.37  4.40  2.73    825
2       21215   0.59    Premium     F     SI1   61.7   60.0  5.37  5.39  3.32   1412
3        7058   0.72      Ideal     H    VVS2   62.3   56.0  5.74  5.81  3.60   2752
4        1752   0.50  Very Good     F     VS2   62.7   56.0  5.04  5.07  3.17   1396
[2024-09-10 10:46:25,433]74root-INFO-Splitted the train and test_data
[2024-09-10 10:46:25,433]75root-INFO-preprocessing the Data
[2024-09-10 10:46:25,474]96root-INFO-Error occured at complete_data_transformation
