[2024-09-10 10:57:09,722]23root-INFO-My data ingestion process starts
[2024-09-10 10:57:09,752]26root-INFO-Dataset read from pandas
[2024-09-10 10:57:09,900]32root-INFO-Data Ingestion is completed
[2024-09-10 10:57:09,901]23root-INFO-Data Transformation is initiated
[2024-09-10 10:57:09,938]34root-INFO-Numeric PipeLine has started
[2024-09-10 10:57:09,938]40root-INFO-Categoric Pipeline has started
[2024-09-10 10:57:09,938]49root-INFO-preprocessor has started
[2024-09-10 10:57:10,002]67root-INFO-Reading the train and test data done
[2024-09-10 10:57:10,008]68root-INFO-Train data of first 5 columns   Unnamed: 0  carat      cut color clarity  depth  table     x     y     z  price
0       11088   0.52  Premium     G     SI1   62.8   61.0  5.14  5.11  3.22   1338
1        9822   0.51    Ideal     F     SI2   61.0   55.0  5.18  5.21  3.17   1100
2       23058   0.31     Good     H     VS1   63.1   57.0  4.31  4.34  2.73    544
3       22504   0.81  Premium     J     VS2   60.6   60.0  6.04  6.00  3.65   2129
4       21582   0.79    Ideal     I     SI1   61.6   56.0  5.95  5.97  3.67   2756
[2024-09-10 10:57:10,012]69root-INFO-Test data of first 5 columns   Unnamed: 0  carat      cut color clarity  depth  table     x     y     z  price
0       24261   0.32    Ideal     H     VS1   63.0   57.0  4.35  4.32  2.73    720
1       20996   0.23    Ideal     G    VVS1   61.9   58.0  3.93  3.96  2.44    536
2       20813   0.51  Premium     F     VS2   61.4   58.0  5.13  5.09  3.14   1619
3        2551   0.32    Ideal     G     VS1   61.3   55.0  4.42  4.46  2.72    645
4       10871   0.38    Ideal     I     VS1   61.5   55.1  4.66  4.70  2.88    703
[2024-09-10 10:57:10,015]74root-INFO-Splitted the train and test_data
[2024-09-10 10:57:10,016]75root-INFO-preprocessing the Data
[2024-09-10 10:57:10,061]96root-INFO-Error occured at complete_data_transformation
